TN:
SF:src/config/env.ts
FNF:0
FNH:0
DA:1,1
DA:2,1
DA:5,1
DA:7,1
DA:15,1
LF:5
LH:5
BRDA:8,0,0,1
BRDA:8,0,1,0
BRDA:9,1,0,1
BRDA:9,1,1,0
BRDA:10,2,0,1
BRDA:10,2,1,0
BRDA:11,3,0,1
BRDA:11,3,1,0
BRDA:12,4,0,1
BRDA:12,4,1,0
BRF:10
BRH:5
end_of_record
TN:
SF:src/controllers/transaction.controller.ts
FN:14,(anonymous_1)
FN:25,(anonymous_2)
FN:36,(anonymous_3)
FN:47,(anonymous_4)
FNF:4
FNH:4
FNDA:2,(anonymous_1)
FNDA:1,(anonymous_2)
FNDA:1,(anonymous_3)
FNDA:1,(anonymous_4)
DA:2,1
DA:3,1
DA:4,1
DA:10,1
DA:13,1
DA:15,2
DA:16,2
DA:17,2
DA:19,1
DA:21,1
DA:26,1
DA:27,1
DA:28,1
DA:30,1
DA:32,0
DA:37,1
DA:38,1
DA:39,1
DA:41,1
DA:43,0
DA:48,1
DA:49,1
DA:50,1
DA:52,1
DA:58,1
DA:60,0
DA:66,1
LF:27
LH:24
BRDA:54,0,0,1
BRDA:54,0,1,0
BRDA:55,1,0,1
BRDA:55,1,1,0
BRF:4
BRH:2
end_of_record
TN:
SF:src/interfaces/account.interface.ts
FN:1,(anonymous_0)
FNF:1
FNH:1
FNDA:2,(anonymous_0)
DA:1,2
DA:2,2
DA:3,2
LF:3
LH:3
BRDA:1,0,0,2
BRDA:1,0,1,2
BRF:2
BRH:2
end_of_record
TN:
SF:src/middlewares/validation.middleware.ts
FN:5,(anonymous_1)
FN:6,(anonymous_2)
FN:10,(anonymous_3)
FN:20,(anonymous_4)
FN:21,(anonymous_5)
FN:25,(anonymous_6)
FN:35,(anonymous_7)
FN:36,(anonymous_8)
FN:40,(anonymous_9)
FNF:9
FNH:2
FNDA:3,(anonymous_1)
FNDA:0,(anonymous_2)
FNDA:0,(anonymous_3)
FNDA:0,(anonymous_4)
FNDA:0,(anonymous_5)
FNDA:0,(anonymous_6)
FNDA:1,(anonymous_7)
FNDA:0,(anonymous_8)
FNDA:0,(anonymous_9)
DA:3,1
DA:5,1
DA:6,3
DA:7,0
DA:9,0
DA:10,0
DA:14,0
DA:16,0
DA:20,1
DA:21,0
DA:22,0
DA:24,0
DA:25,0
DA:29,0
DA:31,0
DA:35,1
DA:36,1
DA:37,0
DA:39,0
DA:40,0
DA:44,0
DA:46,0
LF:22
LH:6
BRDA:9,0,0,0
BRDA:24,1,0,0
BRDA:39,2,0,0
BRF:3
BRH:0
end_of_record
TN:
SF:src/models/account.model.ts
FNF:0
FNH:0
DA:1,2
DA:2,2
DA:4,2
DA:14,2
LF:4
LH:4
BRF:0
BRH:0
end_of_record
TN:
SF:src/models/ledgerEntry.model.ts
FN:4,(anonymous_0)
FNF:1
FNH:1
FNDA:1,(anonymous_0)
DA:1,1
DA:2,1
DA:4,1
DA:5,1
DA:6,1
DA:7,1
DA:21,1
DA:36,1
DA:38,1
LF:9
LH:9
BRDA:4,0,0,1
BRDA:4,0,1,1
BRF:2
BRH:2
end_of_record
TN:
SF:src/models/transaction.model.ts
FNF:0
FNH:0
DA:1,1
DA:16,1
DA:29,1
LF:3
LH:3
BRF:0
BRH:0
end_of_record
TN:
SF:src/models/user.model.ts
FN:42,(anonymous_1)
FN:50,(anonymous_2)
FNF:2
FNH:0
FNDA:0,(anonymous_1)
FNDA:0,(anonymous_2)
DA:1,1
DA:2,1
DA:17,1
DA:42,1
DA:43,0
DA:45,0
DA:46,0
DA:50,1
DA:53,0
DA:56,1
DA:57,1
LF:11
LH:7
BRDA:43,0,0,0
BRF:1
BRH:0
end_of_record
TN:
SF:src/services/account.service.ts
FN:7,(anonymous_1)
FN:20,(anonymous_2)
FN:24,(anonymous_3)
FN:28,(anonymous_4)
FN:32,(anonymous_5)
FN:43,(anonymous_6)
FNF:6
FNH:6
FNDA:1,(anonymous_1)
FNDA:1,(anonymous_2)
FNDA:1,(anonymous_3)
FNDA:1,(anonymous_4)
FNDA:1,(anonymous_5)
FNDA:3,(anonymous_6)
DA:2,1
DA:3,1
DA:4,1
DA:5,1
DA:7,1
DA:8,1
DA:10,1
DA:17,1
DA:20,1
DA:21,1
DA:24,1
DA:25,1
DA:28,1
DA:29,1
DA:32,1
DA:36,1
DA:43,1
DA:44,3
DA:45,3
DA:46,1
DA:49,2
DA:50,1
DA:53,1
LF:23
LH:23
BRDA:13,0,0,1
BRDA:13,0,1,0
BRDA:45,1,0,1
BRDA:49,2,0,1
BRF:4
BRH:3
end_of_record
TN:
SF:src/services/auth.service.ts
FN:16,(anonymous_1)
FN:40,(anonymous_2)
FN:59,(anonymous_3)
FN:71,(anonymous_4)
FN:85,(anonymous_5)
FN:104,(anonymous_6)
FNF:6
FNH:4
FNDA:3,(anonymous_1)
FNDA:3,(anonymous_2)
FNDA:2,(anonymous_3)
FNDA:1,(anonymous_4)
FNDA:0,(anonymous_5)
FNDA:0,(anonymous_6)
DA:1,1
DA:2,1
DA:11,1
DA:12,1
DA:13,1
DA:17,3
DA:18,1
DA:21,2
DA:22,1
DA:25,1
DA:31,1
DA:41,3
DA:43,3
DA:44,2
DA:47,1
DA:49,1
DA:60,2
DA:61,2
DA:62,1
DA:64,1
DA:72,1
DA:73,1
DA:74,0
DA:77,1
DA:78,0
DA:81,1
DA:82,1
DA:86,0
DA:87,0
DA:88,0
DA:92,0
DA:93,0
DA:97,0
DA:98,0
DA:101,0
DA:105,0
DA:110,0
DA:115,0
DA:116,0
DA:119,0
DA:120,0
DA:121,0
DA:122,0
DA:126,1
LF:44
LH:26
BRDA:17,0,0,1
BRDA:21,1,0,1
BRDA:43,2,0,2
BRDA:43,3,0,3
BRDA:43,3,1,2
BRDA:61,4,0,1
BRDA:73,5,0,0
BRDA:77,6,0,0
BRDA:87,7,0,0
BRDA:115,8,0,0
BRF:10
BRH:6
end_of_record
TN:
SF:src/services/transaction.service.ts
FN:12,(anonymous_1)
FN:68,(anonymous_2)
FN:113,(anonymous_3)
FN:187,(anonymous_4)
FNF:4
FNH:0
FNDA:0,(anonymous_1)
FNDA:0,(anonymous_2)
FNDA:0,(anonymous_3)
FNDA:0,(anonymous_4)
DA:2,1
DA:3,1
DA:4,1
DA:5,1
DA:6,1
DA:8,1
DA:13,0
DA:14,0
DA:17,0
DA:19,0
DA:20,0
DA:21,0
DA:23,0
DA:32,0
DA:33,0
DA:35,0
DA:36,0
DA:38,0
DA:42,0
DA:43,0
DA:46,0
DA:47,0
DA:48,0
DA:50,0
DA:61,0
DA:63,0
DA:69,0
DA:70,0
DA:71,0
DA:74,0
DA:84,0
DA:85,0
DA:86,0
DA:89,0
DA:101,0
DA:106,0
DA:119,0
DA:120,0
DA:123,0
DA:128,0
DA:129,0
DA:131,0
DA:132,0
DA:136,0
DA:147,0
DA:148,0
DA:150,0
DA:151,0
DA:154,0
DA:163,0
DA:173,0
DA:181,0
DA:188,0
DA:189,0
DA:191,0
DA:193,0
DA:201,0
LF:57
LH:6
BRDA:14,0,0,0
BRDA:35,1,0,0
BRDA:35,2,0,0
BRDA:35,2,1,0
BRDA:42,3,0,0
BRDA:70,4,0,0
BRDA:71,5,0,0
BRDA:119,6,0,0
BRDA:128,7,0,0
BRDA:128,8,0,0
BRDA:128,8,1,0
BRDA:131,9,0,0
BRDA:187,10,0,0
BRDA:187,11,0,0
BRDA:189,12,0,0
BRF:15
BRH:0
end_of_record
TN:
SF:src/utils/apiError.ts
FN:4,(anonymous_0)
FN:19,(anonymous_1)
FN:23,(anonymous_2)
FN:27,(anonymous_3)
FN:31,(anonymous_4)
FN:35,(anonymous_5)
FNF:6
FNH:1
FNDA:12,(anonymous_0)
FNDA:0,(anonymous_1)
FNDA:0,(anonymous_2)
FNDA:0,(anonymous_3)
FNDA:0,(anonymous_4)
FNDA:0,(anonymous_5)
DA:1,4
DA:5,12
DA:6,12
DA:7,12
DA:8,12
DA:10,12
DA:11,12
DA:12,12
DA:13,0
DA:15,12
DA:20,0
DA:24,0
DA:28,0
DA:32,0
DA:36,0
DA:40,4
LF:16
LH:10
BRDA:7,0,0,12
BRDA:8,1,0,12
BRDA:12,2,0,0
BRDA:12,2,1,12
BRDA:19,3,0,0
BRF:5
BRH:3
end_of_record
TN:
SF:src/utils/apiResponse.ts
FN:5,(anonymous_0)
FN:12,(anonymous_1)
FN:20,(anonymous_2)
FN:28,(anonymous_3)
FNF:4
FNH:0
FNDA:0,(anonymous_0)
FNDA:0,(anonymous_1)
FNDA:0,(anonymous_2)
FNDA:0,(anonymous_3)
DA:4,1
DA:6,0
DA:7,0
DA:8,0
DA:9,0
DA:13,0
DA:21,0
DA:29,0
LF:8
LH:1
BRDA:9,0,0,0
BRDA:20,1,0,0
BRDA:20,2,0,0
BRDA:28,3,0,0
BRF:4
BRH:0
end_of_record
TN:
SF:src/utils/generateAccountNumber.ts
FN:1,(anonymous_0)
FNF:1
FNH:0
FNDA:0,(anonymous_0)
DA:1,1
DA:2,0
DA:3,0
DA:4,0
LF:4
LH:1
BRF:0
BRH:0
end_of_record
TN:
SF:src/utils/jwt.ts
FN:5,(anonymous_1)
FN:34,(anonymous_2)
FNF:2
FNH:0
FNDA:0,(anonymous_1)
FNDA:0,(anonymous_2)
DA:1,1
DA:2,1
DA:3,1
DA:5,1
DA:6,0
DA:7,0
DA:10,0
DA:13,0
DA:14,0
DA:17,0
DA:18,0
DA:19,0
DA:21,0
DA:22,0
DA:23,0
DA:25,0
DA:27,0
DA:31,0
DA:34,1
DA:35,0
DA:36,0
DA:38,0
LF:22
LH:5
BRDA:6,0,0,0
BRDA:13,1,0,0
BRDA:13,2,0,0
BRDA:13,2,1,0
BRDA:13,2,2,0
BRDA:18,3,0,0
BRDA:19,4,0,0
BRDA:19,4,1,0
BRDA:22,5,0,0
BRDA:35,6,0,0
BRF:10
BRH:0
end_of_record
TN:
SF:src/utils/transactionReference.ts
FN:1,generateTransactionReference
FNF:1
FNH:0
FNDA:0,generateTransactionReference
DA:1,1
DA:2,0
DA:3,0
DA:4,0
LF:4
LH:1
BRF:0
BRH:0
end_of_record
TN:
SF:src/validations/transaction.validation.ts
FN:44,(anonymous_1)
FNF:1
FNH:0
FNDA:0,(anonymous_1)
DA:1,1
DA:3,1
DA:16,1
DA:29,1
DA:45,0
DA:46,0
DA:50,0
DA:54,1
LF:8
LH:5
BRDA:45,0,0,0
BRF:1
BRH:0
end_of_record
